2022/08/20 09:48:31 [notice] 1#1: using the "epoll" event method
2022/08/20 09:48:31 [notice] 1#1: nginx/1.23.1
2022/08/20 09:48:31 [notice] 1#1: built by gcc 11.2.1 20220219 (Alpine 11.2.1_git20220219) 
2022/08/20 09:48:31 [notice] 1#1: OS: Linux 5.10.16.3-microsoft-standard-WSL2
2022/08/20 09:48:31 [notice] 1#1: getrlimit(RLIMIT_NOFILE): 1048576:1048576
2022/08/20 09:48:31 [notice] 1#1: start worker processes
2022/08/20 09:48:31 [notice] 1#1: start worker process 37
2022/08/20 09:48:31 [notice] 1#1: start worker process 38
2022/08/20 09:48:31 [notice] 1#1: start worker process 39
2022/08/20 09:48:31 [notice] 1#1: start worker process 40
2022/08/20 10:11:37 [notice] 1#1: signal 3 (SIGQUIT) received, shutting down
2022/08/20 10:11:37 [notice] 37#37: gracefully shutting down
2022/08/20 10:11:37 [notice] 37#37: exiting
2022/08/20 10:11:37 [notice] 37#37: exit
2022/08/20 10:11:37 [notice] 40#40: gracefully shutting down
2022/08/20 10:11:37 [notice] 40#40: exiting
2022/08/20 10:11:37 [notice] 40#40: exit
2022/08/20 10:11:37 [notice] 38#38: gracefully shutting down
2022/08/20 10:11:37 [notice] 38#38: exiting
2022/08/20 10:11:37 [notice] 38#38: exit
2022/08/20 10:11:37 [notice] 39#39: gracefully shutting down
2022/08/20 10:11:37 [notice] 39#39: exiting
2022/08/20 10:11:37 [notice] 39#39: exit
2022/08/20 10:11:37 [notice] 1#1: signal 17 (SIGCHLD) received from 37
2022/08/20 10:11:37 [notice] 1#1: worker process 37 exited with code 0
2022/08/20 10:11:37 [notice] 1#1: signal 29 (SIGIO) received
2022/08/20 10:11:37 [notice] 1#1: signal 17 (SIGCHLD) received from 40
2022/08/20 10:11:37 [notice] 1#1: worker process 38 exited with code 0
2022/08/20 10:11:37 [notice] 1#1: worker process 39 exited with code 0
2022/08/20 10:11:37 [notice] 1#1: worker process 40 exited with code 0
2022/08/20 10:11:37 [notice] 1#1: exit
2022/08/20 10:11:47 [notice] 1#1: using the "epoll" event method
2022/08/20 10:11:47 [notice] 1#1: nginx/1.23.1
2022/08/20 10:11:47 [notice] 1#1: built by gcc 11.2.1 20220219 (Alpine 11.2.1_git20220219) 
2022/08/20 10:11:47 [notice] 1#1: OS: Linux 5.10.16.3-microsoft-standard-WSL2
2022/08/20 10:11:47 [notice] 1#1: getrlimit(RLIMIT_NOFILE): 1048576:1048576
2022/08/20 10:11:47 [notice] 1#1: start worker processes
2022/08/20 10:11:47 [notice] 1#1: start worker process 37
2022/08/20 10:11:47 [notice] 1#1: start worker process 38
2022/08/20 10:11:47 [notice] 1#1: start worker process 39
2022/08/20 10:11:47 [notice] 1#1: start worker process 40
2022/08/20 10:12:05 [notice] 1#1: signal 3 (SIGQUIT) received, shutting down
2022/08/20 10:12:05 [notice] 38#38: gracefully shutting down
2022/08/20 10:12:05 [notice] 39#39: gracefully shutting down
2022/08/20 10:12:05 [notice] 39#39: exiting
2022/08/20 10:12:05 [notice] 38#38: exiting
2022/08/20 10:12:05 [notice] 39#39: exit
2022/08/20 10:12:05 [notice] 38#38: exit
2022/08/20 10:12:05 [notice] 40#40: gracefully shutting down
2022/08/20 10:12:05 [notice] 40#40: exiting
2022/08/20 10:12:05 [notice] 40#40: exit
2022/08/20 10:12:05 [notice] 37#37: gracefully shutting down
2022/08/20 10:12:05 [notice] 37#37: exiting
2022/08/20 10:12:05 [notice] 37#37: exit
2022/08/20 10:12:05 [notice] 1#1: signal 17 (SIGCHLD) received from 37
2022/08/20 10:12:05 [notice] 1#1: worker process 37 exited with code 0
2022/08/20 10:12:05 [notice] 1#1: worker process 39 exited with code 0
2022/08/20 10:12:05 [notice] 1#1: worker process 40 exited with code 0
2022/08/20 10:12:05 [notice] 1#1: signal 29 (SIGIO) received
2022/08/20 10:12:05 [notice] 1#1: signal 17 (SIGCHLD) received from 38
2022/08/20 10:12:05 [notice] 1#1: worker process 38 exited with code 0
2022/08/20 10:12:05 [notice] 1#1: exit
2022/08/20 10:12:40 [notice] 1#1: using the "epoll" event method
2022/08/20 10:12:40 [notice] 1#1: nginx/1.23.1
2022/08/20 10:12:40 [notice] 1#1: built by gcc 11.2.1 20220219 (Alpine 11.2.1_git20220219) 
2022/08/20 10:12:40 [notice] 1#1: OS: Linux 5.10.16.3-microsoft-standard-WSL2
2022/08/20 10:12:40 [notice] 1#1: getrlimit(RLIMIT_NOFILE): 1048576:1048576
2022/08/20 10:12:40 [notice] 1#1: start worker processes
2022/08/20 10:12:40 [notice] 1#1: start worker process 39
2022/08/20 10:12:40 [notice] 1#1: start worker process 40
2022/08/20 10:12:40 [notice] 1#1: start worker process 41
2022/08/20 10:12:40 [notice] 1#1: start worker process 42
2022/08/20 10:35:30 [notice] 1#1: signal 3 (SIGQUIT) received, shutting down
2022/08/20 10:35:30 [notice] 39#39: gracefully shutting down
2022/08/20 10:35:30 [notice] 42#42: gracefully shutting down
2022/08/20 10:35:30 [notice] 39#39: exiting
2022/08/20 10:35:30 [notice] 42#42: exiting
2022/08/20 10:35:30 [notice] 42#42: exit
2022/08/20 10:35:30 [notice] 39#39: exit
2022/08/20 10:35:30 [notice] 40#40: gracefully shutting down
2022/08/20 10:35:30 [notice] 40#40: exiting
2022/08/20 10:35:30 [notice] 41#41: gracefully shutting down
2022/08/20 10:35:30 [notice] 40#40: exit
2022/08/20 10:35:30 [notice] 41#41: exiting
2022/08/20 10:35:30 [notice] 41#41: exit
2022/08/20 10:35:30 [notice] 1#1: signal 17 (SIGCHLD) received from 42
2022/08/20 10:35:30 [notice] 1#1: worker process 40 exited with code 0
2022/08/20 10:35:30 [notice] 1#1: worker process 42 exited with code 0
2022/08/20 10:35:30 [notice] 1#1: signal 29 (SIGIO) received
2022/08/20 10:35:30 [notice] 1#1: signal 17 (SIGCHLD) received from 39
2022/08/20 10:35:30 [notice] 1#1: worker process 39 exited with code 0
2022/08/20 10:35:30 [notice] 1#1: signal 29 (SIGIO) received
2022/08/20 10:35:30 [notice] 1#1: signal 17 (SIGCHLD) received from 41
2022/08/20 10:35:30 [notice] 1#1: worker process 41 exited with code 0
2022/08/20 10:35:30 [notice] 1#1: exit
2022/08/20 10:37:21 [notice] 1#1: using the "epoll" event method
2022/08/20 10:37:21 [notice] 1#1: nginx/1.23.1
2022/08/20 10:37:21 [notice] 1#1: built by gcc 11.2.1 20220219 (Alpine 11.2.1_git20220219) 
2022/08/20 10:37:21 [notice] 1#1: OS: Linux 5.10.16.3-microsoft-standard-WSL2
2022/08/20 10:37:21 [notice] 1#1: getrlimit(RLIMIT_NOFILE): 1048576:1048576
2022/08/20 10:37:21 [notice] 1#1: start worker processes
2022/08/20 10:37:21 [notice] 1#1: start worker process 39
2022/08/20 10:37:21 [notice] 1#1: start worker process 40
2022/08/20 10:37:21 [notice] 1#1: start worker process 41
2022/08/20 10:37:21 [notice] 1#1: start worker process 42
2022/08/20 10:38:09 [notice] 1#1: signal 3 (SIGQUIT) received, shutting down
2022/08/20 10:38:09 [notice] 42#42: gracefully shutting down
2022/08/20 10:38:09 [notice] 42#42: exiting
2022/08/20 10:38:09 [notice] 40#40: gracefully shutting down
2022/08/20 10:38:09 [notice] 40#40: exiting
2022/08/20 10:38:09 [notice] 42#42: exit
2022/08/20 10:38:09 [notice] 40#40: exit
2022/08/20 10:38:09 [notice] 41#41: gracefully shutting down
2022/08/20 10:38:09 [notice] 41#41: exiting
2022/08/20 10:38:09 [notice] 39#39: gracefully shutting down
2022/08/20 10:38:09 [notice] 39#39: exiting
2022/08/20 10:38:09 [notice] 41#41: exit
2022/08/20 10:38:09 [notice] 39#39: exit
2022/08/20 10:38:09 [notice] 1#1: signal 17 (SIGCHLD) received from 40
2022/08/20 10:38:09 [notice] 1#1: worker process 40 exited with code 0
2022/08/20 10:38:09 [notice] 1#1: signal 29 (SIGIO) received
2022/08/20 10:38:09 [notice] 1#1: signal 17 (SIGCHLD) received from 39
2022/08/20 10:38:09 [notice] 1#1: worker process 39 exited with code 0
2022/08/20 10:38:09 [notice] 1#1: signal 29 (SIGIO) received
2022/08/20 10:38:09 [notice] 1#1: signal 17 (SIGCHLD) received from 42
2022/08/20 10:38:09 [notice] 1#1: worker process 41 exited with code 0
2022/08/20 10:38:09 [notice] 1#1: worker process 42 exited with code 0
2022/08/20 10:38:09 [notice] 1#1: exit
2022/08/20 10:38:21 [notice] 1#1: using the "epoll" event method
2022/08/20 10:38:21 [notice] 1#1: nginx/1.23.1
2022/08/20 10:38:21 [notice] 1#1: built by gcc 11.2.1 20220219 (Alpine 11.2.1_git20220219) 
2022/08/20 10:38:21 [notice] 1#1: OS: Linux 5.10.16.3-microsoft-standard-WSL2
2022/08/20 10:38:21 [notice] 1#1: getrlimit(RLIMIT_NOFILE): 1048576:1048576
2022/08/20 10:38:21 [notice] 1#1: start worker processes
2022/08/20 10:38:21 [notice] 1#1: start worker process 40
2022/08/20 10:38:21 [notice] 1#1: start worker process 41
2022/08/20 10:38:21 [notice] 1#1: start worker process 42
2022/08/20 10:38:21 [notice] 1#1: start worker process 43
2022/08/20 10:42:52 [notice] 1#1: signal 3 (SIGQUIT) received, shutting down
2022/08/20 10:42:52 [notice] 41#41: gracefully shutting down
2022/08/20 10:42:52 [notice] 41#41: exiting
2022/08/20 10:42:52 [notice] 43#43: gracefully shutting down
2022/08/20 10:42:52 [notice] 43#43: exiting
2022/08/20 10:42:52 [notice] 42#42: gracefully shutting down
2022/08/20 10:42:52 [notice] 42#42: exiting
2022/08/20 10:42:52 [notice] 43#43: exit
2022/08/20 10:42:52 [notice] 42#42: exit
2022/08/20 10:42:52 [notice] 41#41: exit
2022/08/20 10:42:52 [notice] 40#40: gracefully shutting down
2022/08/20 10:42:52 [notice] 40#40: exiting
2022/08/20 10:42:52 [notice] 40#40: exit
2022/08/20 10:42:52 [notice] 1#1: signal 17 (SIGCHLD) received from 43
2022/08/20 10:42:52 [notice] 1#1: worker process 42 exited with code 0
2022/08/20 10:42:52 [notice] 1#1: worker process 43 exited with code 0
2022/08/20 10:42:52 [notice] 1#1: signal 29 (SIGIO) received
2022/08/20 10:42:52 [notice] 1#1: signal 17 (SIGCHLD) received from 40
2022/08/20 10:42:52 [notice] 1#1: worker process 40 exited with code 0
2022/08/20 10:42:52 [notice] 1#1: worker process 41 exited with code 0
2022/08/20 10:42:52 [notice] 1#1: exit
2022/08/20 10:43:07 [notice] 1#1: using the "epoll" event method
2022/08/20 10:43:07 [notice] 1#1: nginx/1.23.1
2022/08/20 10:43:07 [notice] 1#1: built by gcc 11.2.1 20220219 (Alpine 11.2.1_git20220219) 
2022/08/20 10:43:07 [notice] 1#1: OS: Linux 5.10.16.3-microsoft-standard-WSL2
2022/08/20 10:43:07 [notice] 1#1: getrlimit(RLIMIT_NOFILE): 1048576:1048576
2022/08/20 10:43:07 [notice] 1#1: start worker processes
2022/08/20 10:43:07 [notice] 1#1: start worker process 39
2022/08/20 10:43:07 [notice] 1#1: start worker process 40
2022/08/20 10:43:07 [notice] 1#1: start worker process 41
2022/08/20 10:43:07 [notice] 1#1: start worker process 42
2022/08/20 10:54:39 [notice] 1#1: signal 3 (SIGQUIT) received, shutting down
2022/08/20 10:54:39 [notice] 39#39: gracefully shutting down
2022/08/20 10:54:39 [notice] 41#41: gracefully shutting down
2022/08/20 10:54:39 [notice] 39#39: exiting
2022/08/20 10:54:39 [notice] 41#41: exiting
2022/08/20 10:54:39 [notice] 40#40: gracefully shutting down
2022/08/20 10:54:39 [notice] 40#40: exiting
2022/08/20 10:54:39 [notice] 39#39: exit
2022/08/20 10:54:39 [notice] 42#42: gracefully shutting down
2022/08/20 10:54:39 [notice] 42#42: exiting
2022/08/20 10:54:39 [notice] 42#42: exit
2022/08/20 10:54:39 [notice] 41#41: exit
2022/08/20 10:54:39 [notice] 40#40: exit
2022/08/20 10:54:39 [notice] 1#1: signal 17 (SIGCHLD) received from 39
2022/08/20 10:54:39 [notice] 1#1: worker process 39 exited with code 0
2022/08/20 10:54:39 [notice] 1#1: worker process 41 exited with code 0
2022/08/20 10:54:39 [notice] 1#1: signal 29 (SIGIO) received
2022/08/20 10:54:39 [notice] 1#1: signal 17 (SIGCHLD) received from 42
2022/08/20 10:54:39 [notice] 1#1: worker process 42 exited with code 0
2022/08/20 10:54:39 [notice] 1#1: signal 29 (SIGIO) received
2022/08/20 10:54:39 [notice] 1#1: signal 17 (SIGCHLD) received from 40
2022/08/20 10:54:39 [notice] 1#1: worker process 40 exited with code 0
2022/08/20 10:54:39 [notice] 1#1: exit
2022/08/20 10:55:36 [emerg] 1#1: cannot load certificate "/etc/ssl/localhost.crt": BIO_new_file() failed (SSL: error:02001002:system library:fopen:No such file or directory:fopen('/etc/ssl/localhost.crt','r') error:2006D080:BIO routines:BIO_new_file:no such file)
2022/08/20 10:56:26 [notice] 1#1: using the "epoll" event method
2022/08/20 10:56:26 [notice] 1#1: nginx/1.23.1
2022/08/20 10:56:26 [notice] 1#1: built by gcc 11.2.1 20220219 (Alpine 11.2.1_git20220219) 
2022/08/20 10:56:26 [notice] 1#1: OS: Linux 5.10.16.3-microsoft-standard-WSL2
2022/08/20 10:56:26 [notice] 1#1: getrlimit(RLIMIT_NOFILE): 1048576:1048576
2022/08/20 10:56:26 [notice] 1#1: start worker processes
2022/08/20 10:56:26 [notice] 1#1: start worker process 42
2022/08/20 10:56:26 [notice] 1#1: start worker process 43
2022/08/20 10:56:26 [notice] 1#1: start worker process 44
2022/08/20 10:56:26 [notice] 1#1: start worker process 45
2022/08/20 10:58:10 [notice] 1#1: signal 3 (SIGQUIT) received, shutting down
2022/08/20 10:58:10 [notice] 42#42: gracefully shutting down
2022/08/20 10:58:10 [notice] 43#43: gracefully shutting down
2022/08/20 10:58:10 [notice] 44#44: gracefully shutting down
2022/08/20 10:58:10 [notice] 42#42: exiting
2022/08/20 10:58:10 [notice] 43#43: exiting
2022/08/20 10:58:10 [notice] 44#44: exiting
2022/08/20 10:58:10 [notice] 42#42: exit
2022/08/20 10:58:10 [notice] 43#43: exit
2022/08/20 10:58:10 [notice] 44#44: exit
2022/08/20 10:58:10 [notice] 45#45: gracefully shutting down
2022/08/20 10:58:10 [notice] 45#45: exiting
2022/08/20 10:58:10 [notice] 45#45: exit
2022/08/20 10:58:10 [notice] 1#1: signal 17 (SIGCHLD) received from 44
2022/08/20 10:58:10 [notice] 1#1: worker process 42 exited with code 0
2022/08/20 10:58:10 [notice] 1#1: worker process 44 exited with code 0
2022/08/20 10:58:10 [notice] 1#1: signal 29 (SIGIO) received
2022/08/20 10:58:10 [notice] 1#1: signal 17 (SIGCHLD) received from 45
2022/08/20 10:58:10 [notice] 1#1: worker process 45 exited with code 0
2022/08/20 10:58:10 [notice] 1#1: signal 29 (SIGIO) received
2022/08/20 10:58:10 [notice] 1#1: signal 17 (SIGCHLD) received from 43
2022/08/20 10:58:10 [notice] 1#1: worker process 43 exited with code 0
2022/08/20 10:58:10 [notice] 1#1: exit
2022/08/20 10:58:20 [notice] 1#1: using the "epoll" event method
2022/08/20 10:58:20 [notice] 1#1: nginx/1.23.1
2022/08/20 10:58:20 [notice] 1#1: built by gcc 11.2.1 20220219 (Alpine 11.2.1_git20220219) 
2022/08/20 10:58:20 [notice] 1#1: OS: Linux 5.10.16.3-microsoft-standard-WSL2
2022/08/20 10:58:20 [notice] 1#1: getrlimit(RLIMIT_NOFILE): 1048576:1048576
2022/08/20 10:58:20 [notice] 1#1: start worker processes
2022/08/20 10:58:20 [notice] 1#1: start worker process 43
2022/08/20 10:58:20 [notice] 1#1: start worker process 44
2022/08/20 10:58:20 [notice] 1#1: start worker process 45
2022/08/20 10:58:20 [notice] 1#1: start worker process 46
2022/08/20 10:59:17 [notice] 1#1: signal 3 (SIGQUIT) received, shutting down
2022/08/20 10:59:17 [notice] 43#43: gracefully shutting down
2022/08/20 10:59:17 [notice] 44#44: gracefully shutting down
2022/08/20 10:59:17 [notice] 46#46: gracefully shutting down
2022/08/20 10:59:17 [notice] 45#45: gracefully shutting down
2022/08/20 10:59:17 [notice] 44#44: exiting
2022/08/20 10:59:17 [notice] 46#46: exiting
2022/08/20 10:59:17 [notice] 45#45: exiting
2022/08/20 10:59:17 [notice] 43#43: exiting
2022/08/20 10:59:17 [notice] 46#46: exit
2022/08/20 10:59:17 [notice] 44#44: exit
2022/08/20 10:59:17 [notice] 43#43: exit
2022/08/20 10:59:17 [notice] 45#45: exit
2022/08/20 10:59:17 [notice] 1#1: signal 17 (SIGCHLD) received from 46
2022/08/20 10:59:17 [notice] 1#1: worker process 46 exited with code 0
2022/08/20 10:59:17 [notice] 1#1: signal 29 (SIGIO) received
2022/08/20 10:59:17 [notice] 1#1: signal 17 (SIGCHLD) received from 44
2022/08/20 10:59:17 [notice] 1#1: worker process 44 exited with code 0
2022/08/20 10:59:17 [notice] 1#1: signal 29 (SIGIO) received
2022/08/20 10:59:17 [notice] 1#1: signal 17 (SIGCHLD) received from 43
2022/08/20 10:59:17 [notice] 1#1: worker process 43 exited with code 0
2022/08/20 10:59:17 [notice] 1#1: signal 29 (SIGIO) received
2022/08/20 10:59:17 [notice] 1#1: signal 17 (SIGCHLD) received from 45
2022/08/20 10:59:17 [notice] 1#1: worker process 45 exited with code 0
2022/08/20 10:59:17 [notice] 1#1: exit
2022/08/20 10:59:27 [notice] 1#1: using the "epoll" event method
2022/08/20 10:59:27 [notice] 1#1: nginx/1.23.1
2022/08/20 10:59:27 [notice] 1#1: built by gcc 11.2.1 20220219 (Alpine 11.2.1_git20220219) 
2022/08/20 10:59:27 [notice] 1#1: OS: Linux 5.10.16.3-microsoft-standard-WSL2
2022/08/20 10:59:27 [notice] 1#1: getrlimit(RLIMIT_NOFILE): 1048576:1048576
2022/08/20 10:59:27 [notice] 1#1: start worker processes
2022/08/20 10:59:27 [notice] 1#1: start worker process 43
2022/08/20 10:59:27 [notice] 1#1: start worker process 44
2022/08/20 10:59:27 [notice] 1#1: start worker process 45
2022/08/20 10:59:27 [notice] 1#1: start worker process 46
2022/08/20 10:59:41 [notice] 1#1: signal 3 (SIGQUIT) received, shutting down
2022/08/20 10:59:41 [notice] 43#43: gracefully shutting down
2022/08/20 10:59:41 [notice] 46#46: gracefully shutting down
2022/08/20 10:59:41 [notice] 44#44: gracefully shutting down
2022/08/20 10:59:41 [notice] 43#43: exiting
2022/08/20 10:59:41 [notice] 46#46: exiting
2022/08/20 10:59:41 [notice] 44#44: exiting
2022/08/20 10:59:41 [notice] 44#44: exit
2022/08/20 10:59:41 [notice] 43#43: exit
2022/08/20 10:59:41 [notice] 45#45: gracefully shutting down
2022/08/20 10:59:41 [notice] 45#45: exiting
2022/08/20 10:59:41 [notice] 46#46: exit
2022/08/20 10:59:41 [notice] 45#45: exit
2022/08/20 10:59:41 [notice] 1#1: signal 17 (SIGCHLD) received from 43
2022/08/20 10:59:41 [notice] 1#1: worker process 43 exited with code 0
2022/08/20 10:59:41 [notice] 1#1: signal 29 (SIGIO) received
2022/08/20 10:59:41 [notice] 1#1: signal 17 (SIGCHLD) received from 45
2022/08/20 10:59:41 [notice] 1#1: worker process 45 exited with code 0
2022/08/20 10:59:41 [notice] 1#1: signal 29 (SIGIO) received
2022/08/20 10:59:41 [notice] 1#1: signal 17 (SIGCHLD) received from 44
2022/08/20 10:59:41 [notice] 1#1: worker process 44 exited with code 0
2022/08/20 10:59:41 [notice] 1#1: signal 29 (SIGIO) received
2022/08/20 10:59:41 [notice] 1#1: signal 17 (SIGCHLD) received from 46
2022/08/20 10:59:41 [notice] 1#1: worker process 46 exited with code 0
2022/08/20 10:59:41 [notice] 1#1: exit
2022/08/20 10:59:54 [notice] 1#1: using the "epoll" event method
2022/08/20 10:59:54 [notice] 1#1: nginx/1.23.1
2022/08/20 10:59:54 [notice] 1#1: built by gcc 11.2.1 20220219 (Alpine 11.2.1_git20220219) 
2022/08/20 10:59:54 [notice] 1#1: OS: Linux 5.10.16.3-microsoft-standard-WSL2
2022/08/20 10:59:54 [notice] 1#1: getrlimit(RLIMIT_NOFILE): 1048576:1048576
2022/08/20 10:59:54 [notice] 1#1: start worker processes
2022/08/20 10:59:54 [notice] 1#1: start worker process 42
2022/08/20 10:59:54 [notice] 1#1: start worker process 43
2022/08/20 10:59:54 [notice] 1#1: start worker process 44
2022/08/20 10:59:54 [notice] 1#1: start worker process 45
2022/08/20 11:00:20 [notice] 1#1: signal 3 (SIGQUIT) received, shutting down
2022/08/20 11:00:20 [notice] 42#42: gracefully shutting down
2022/08/20 11:00:20 [notice] 42#42: exiting
2022/08/20 11:00:20 [notice] 43#43: gracefully shutting down
2022/08/20 11:00:20 [notice] 43#43: exiting
2022/08/20 11:00:20 [notice] 42#42: exit
2022/08/20 11:00:20 [notice] 43#43: exit
2022/08/20 11:00:20 [notice] 44#44: gracefully shutting down
2022/08/20 11:00:20 [notice] 44#44: exiting
2022/08/20 11:00:20 [notice] 44#44: exit
2022/08/20 11:00:20 [notice] 45#45: gracefully shutting down
2022/08/20 11:00:20 [notice] 45#45: exiting
2022/08/20 11:00:20 [notice] 45#45: exit
2022/08/20 11:00:20 [notice] 1#1: signal 17 (SIGCHLD) received from 45
2022/08/20 11:00:20 [notice] 1#1: worker process 43 exited with code 0
2022/08/20 11:00:20 [notice] 1#1: worker process 45 exited with code 0
2022/08/20 11:00:20 [notice] 1#1: signal 17 (SIGCHLD) received from 44
2022/08/20 11:00:20 [notice] 1#1: worker process 44 exited with code 0
2022/08/20 11:00:20 [notice] 1#1: signal 29 (SIGIO) received
2022/08/20 11:00:20 [notice] 1#1: signal 29 (SIGIO) received
2022/08/20 11:00:20 [notice] 1#1: signal 17 (SIGCHLD) received from 42
2022/08/20 11:00:20 [notice] 1#1: worker process 42 exited with code 0
2022/08/20 11:00:20 [notice] 1#1: exit
2022/08/20 11:00:30 [notice] 1#1: using the "epoll" event method
2022/08/20 11:00:30 [notice] 1#1: nginx/1.23.1
2022/08/20 11:00:30 [notice] 1#1: built by gcc 11.2.1 20220219 (Alpine 11.2.1_git20220219) 
2022/08/20 11:00:30 [notice] 1#1: OS: Linux 5.10.16.3-microsoft-standard-WSL2
2022/08/20 11:00:30 [notice] 1#1: getrlimit(RLIMIT_NOFILE): 1048576:1048576
2022/08/20 11:00:30 [notice] 1#1: start worker processes
2022/08/20 11:00:30 [notice] 1#1: start worker process 42
2022/08/20 11:00:30 [notice] 1#1: start worker process 43
2022/08/20 11:00:30 [notice] 1#1: start worker process 44
2022/08/20 11:00:30 [notice] 1#1: start worker process 45
2022/08/20 11:01:44 [notice] 1#1: signal 3 (SIGQUIT) received, shutting down
2022/08/20 11:01:44 [notice] 42#42: gracefully shutting down
2022/08/20 11:01:44 [notice] 42#42: exiting
2022/08/20 11:01:44 [notice] 45#45: gracefully shutting down
2022/08/20 11:01:44 [notice] 45#45: exiting
2022/08/20 11:01:44 [notice] 42#42: exit
2022/08/20 11:01:44 [notice] 45#45: exit
2022/08/20 11:01:44 [notice] 44#44: gracefully shutting down
2022/08/20 11:01:44 [notice] 44#44: exiting
2022/08/20 11:01:44 [notice] 44#44: exit
2022/08/20 11:01:44 [notice] 43#43: gracefully shutting down
2022/08/20 11:01:44 [notice] 43#43: exiting
2022/08/20 11:01:44 [notice] 43#43: exit
2022/08/20 11:01:44 [notice] 1#1: signal 17 (SIGCHLD) received from 45
2022/08/20 11:01:44 [notice] 1#1: worker process 45 exited with code 0
2022/08/20 11:01:44 [notice] 1#1: signal 29 (SIGIO) received
2022/08/20 11:01:44 [notice] 1#1: signal 17 (SIGCHLD) received from 42
2022/08/20 11:01:44 [notice] 1#1: worker process 42 exited with code 0
2022/08/20 11:01:44 [notice] 1#1: signal 29 (SIGIO) received
2022/08/20 11:01:44 [notice] 1#1: signal 17 (SIGCHLD) received from 43
2022/08/20 11:01:44 [notice] 1#1: worker process 43 exited with code 0
2022/08/20 11:01:44 [notice] 1#1: worker process 44 exited with code 0
2022/08/20 11:01:44 [notice] 1#1: exit
2022/08/20 11:02:34 [notice] 1#1: using the "epoll" event method
2022/08/20 11:02:34 [notice] 1#1: nginx/1.23.1
2022/08/20 11:02:34 [notice] 1#1: built by gcc 11.2.1 20220219 (Alpine 11.2.1_git20220219) 
2022/08/20 11:02:34 [notice] 1#1: OS: Linux 5.10.16.3-microsoft-standard-WSL2
2022/08/20 11:02:34 [notice] 1#1: getrlimit(RLIMIT_NOFILE): 1048576:1048576
2022/08/20 11:02:34 [notice] 1#1: start worker processes
2022/08/20 11:02:34 [notice] 1#1: start worker process 42
2022/08/20 11:02:34 [notice] 1#1: start worker process 43
2022/08/20 11:02:34 [notice] 1#1: start worker process 44
2022/08/20 11:02:34 [notice] 1#1: start worker process 45
2022/08/20 11:03:35 [notice] 1#1: signal 3 (SIGQUIT) received, shutting down
2022/08/20 11:03:35 [notice] 45#45: gracefully shutting down
2022/08/20 11:03:35 [notice] 45#45: exiting
2022/08/20 11:03:35 [notice] 45#45: exit
2022/08/20 11:03:35 [notice] 44#44: gracefully shutting down
2022/08/20 11:03:35 [notice] 43#43: gracefully shutting down
2022/08/20 11:03:35 [notice] 44#44: exiting
2022/08/20 11:03:35 [notice] 44#44: exit
2022/08/20 11:03:35 [notice] 43#43: exiting
2022/08/20 11:03:35 [notice] 42#42: gracefully shutting down
2022/08/20 11:03:35 [notice] 43#43: exit
2022/08/20 11:03:35 [notice] 42#42: exiting
2022/08/20 11:03:35 [notice] 42#42: exit
2022/08/20 11:03:35 [notice] 1#1: signal 17 (SIGCHLD) received from 43
2022/08/20 11:03:35 [notice] 1#1: worker process 43 exited with code 0
2022/08/20 11:03:35 [notice] 1#1: signal 29 (SIGIO) received
2022/08/20 11:03:35 [notice] 1#1: signal 17 (SIGCHLD) received from 45
2022/08/20 11:03:35 [notice] 1#1: worker process 44 exited with code 0
2022/08/20 11:03:35 [notice] 1#1: worker process 45 exited with code 0
2022/08/20 11:03:35 [notice] 1#1: signal 29 (SIGIO) received
2022/08/20 11:03:35 [notice] 1#1: signal 17 (SIGCHLD) received from 44
2022/08/20 11:03:35 [notice] 1#1: signal 17 (SIGCHLD) received from 42
2022/08/20 11:03:35 [notice] 1#1: worker process 42 exited with code 0
2022/08/20 11:03:35 [notice] 1#1: exit
2022/08/20 11:03:45 [notice] 1#1: using the "epoll" event method
2022/08/20 11:03:45 [notice] 1#1: nginx/1.23.1
2022/08/20 11:03:45 [notice] 1#1: built by gcc 11.2.1 20220219 (Alpine 11.2.1_git20220219) 
2022/08/20 11:03:45 [notice] 1#1: OS: Linux 5.10.16.3-microsoft-standard-WSL2
2022/08/20 11:03:45 [notice] 1#1: getrlimit(RLIMIT_NOFILE): 1048576:1048576
2022/08/20 11:03:45 [notice] 1#1: start worker processes
2022/08/20 11:03:45 [notice] 1#1: start worker process 42
2022/08/20 11:03:45 [notice] 1#1: start worker process 43
2022/08/20 11:03:45 [notice] 1#1: start worker process 44
2022/08/20 11:03:45 [notice] 1#1: start worker process 45
2022/08/20 11:05:43 [notice] 1#1: signal 3 (SIGQUIT) received, shutting down
2022/08/20 11:05:43 [notice] 43#43: gracefully shutting down
2022/08/20 11:05:43 [notice] 44#44: gracefully shutting down
2022/08/20 11:05:43 [notice] 43#43: exiting
2022/08/20 11:05:43 [notice] 44#44: exiting
2022/08/20 11:05:43 [notice] 43#43: exit
2022/08/20 11:05:43 [notice] 44#44: exit
2022/08/20 11:05:43 [notice] 42#42: gracefully shutting down
2022/08/20 11:05:43 [notice] 42#42: exiting
2022/08/20 11:05:43 [notice] 42#42: exit
2022/08/20 11:05:43 [notice] 45#45: gracefully shutting down
2022/08/20 11:05:43 [notice] 45#45: exiting
2022/08/20 11:05:43 [notice] 45#45: exit
2022/08/20 11:05:43 [notice] 1#1: signal 17 (SIGCHLD) received from 43
2022/08/20 11:05:43 [notice] 1#1: worker process 43 exited with code 0
2022/08/20 11:05:43 [notice] 1#1: signal 29 (SIGIO) received
2022/08/20 11:05:43 [notice] 1#1: signal 17 (SIGCHLD) received from 42
2022/08/20 11:05:43 [notice] 1#1: worker process 42 exited with code 0
2022/08/20 11:05:43 [notice] 1#1: signal 29 (SIGIO) received
2022/08/20 11:05:43 [notice] 1#1: signal 17 (SIGCHLD) received from 44
2022/08/20 11:05:43 [notice] 1#1: worker process 44 exited with code 0
2022/08/20 11:05:43 [notice] 1#1: worker process 45 exited with code 0
2022/08/20 11:05:43 [notice] 1#1: exit
2022/08/20 11:05:54 [notice] 1#1: using the "epoll" event method
2022/08/20 11:05:54 [notice] 1#1: nginx/1.23.1
2022/08/20 11:05:54 [notice] 1#1: built by gcc 11.2.1 20220219 (Alpine 11.2.1_git20220219) 
2022/08/20 11:05:54 [notice] 1#1: OS: Linux 5.10.16.3-microsoft-standard-WSL2
2022/08/20 11:05:54 [notice] 1#1: getrlimit(RLIMIT_NOFILE): 1048576:1048576
2022/08/20 11:05:54 [notice] 1#1: start worker processes
2022/08/20 11:05:54 [notice] 1#1: start worker process 30
2022/08/20 11:05:54 [notice] 1#1: start worker process 31
2022/08/20 11:05:54 [notice] 1#1: start worker process 32
2022/08/20 11:05:54 [notice] 1#1: start worker process 33
2022/08/20 11:06:02 [notice] 1#1: signal 3 (SIGQUIT) received, shutting down
2022/08/20 11:06:02 [notice] 31#31: gracefully shutting down
2022/08/20 11:06:02 [notice] 31#31: exiting
2022/08/20 11:06:02 [notice] 30#30: gracefully shutting down
2022/08/20 11:06:02 [notice] 31#31: exit
2022/08/20 11:06:02 [notice] 32#32: gracefully shutting down
2022/08/20 11:06:02 [notice] 32#32: exiting
2022/08/20 11:06:02 [notice] 32#32: exit
2022/08/20 11:06:02 [notice] 33#33: gracefully shutting down
2022/08/20 11:06:02 [notice] 33#33: exiting
2022/08/20 11:06:02 [notice] 33#33: exit
2022/08/20 11:06:02 [notice] 30#30: exiting
2022/08/20 11:06:02 [notice] 30#30: exit
2022/08/20 11:06:02 [notice] 1#1: signal 17 (SIGCHLD) received from 30
2022/08/20 11:06:02 [notice] 1#1: worker process 30 exited with code 0
2022/08/20 11:06:02 [notice] 1#1: signal 29 (SIGIO) received
2022/08/20 11:06:02 [notice] 1#1: signal 17 (SIGCHLD) received from 33
2022/08/20 11:06:02 [notice] 1#1: worker process 33 exited with code 0
2022/08/20 11:06:02 [notice] 1#1: signal 29 (SIGIO) received
2022/08/20 11:06:02 [notice] 1#1: signal 17 (SIGCHLD) received from 32
2022/08/20 11:06:02 [notice] 1#1: worker process 32 exited with code 0
2022/08/20 11:06:02 [notice] 1#1: signal 29 (SIGIO) received
2022/08/20 11:06:02 [notice] 1#1: signal 17 (SIGCHLD) received from 31
2022/08/20 11:06:02 [notice] 1#1: worker process 31 exited with code 0
2022/08/20 11:06:02 [notice] 1#1: exit
2022/08/20 11:06:14 [notice] 1#1: using the "epoll" event method
2022/08/20 11:06:14 [notice] 1#1: nginx/1.23.1
2022/08/20 11:06:14 [notice] 1#1: built by gcc 11.2.1 20220219 (Alpine 11.2.1_git20220219) 
2022/08/20 11:06:14 [notice] 1#1: OS: Linux 5.10.16.3-microsoft-standard-WSL2
2022/08/20 11:06:14 [notice] 1#1: getrlimit(RLIMIT_NOFILE): 1048576:1048576
2022/08/20 11:06:14 [notice] 1#1: start worker processes
2022/08/20 11:06:14 [notice] 1#1: start worker process 30
2022/08/20 11:06:14 [notice] 1#1: start worker process 31
2022/08/20 11:06:14 [notice] 1#1: start worker process 32
2022/08/20 11:06:14 [notice] 1#1: start worker process 33
2022/08/20 11:06:38 [notice] 1#1: signal 3 (SIGQUIT) received, shutting down
2022/08/20 11:06:38 [notice] 30#30: gracefully shutting down
2022/08/20 11:06:38 [notice] 30#30: exiting
2022/08/20 11:06:38 [notice] 33#33: gracefully shutting down
2022/08/20 11:06:38 [notice] 33#33: exiting
2022/08/20 11:06:38 [notice] 31#31: gracefully shutting down
2022/08/20 11:06:38 [notice] 31#31: exiting
2022/08/20 11:06:38 [notice] 33#33: exit
2022/08/20 11:06:38 [notice] 30#30: exit
2022/08/20 11:06:38 [notice] 31#31: exit
2022/08/20 11:06:38 [notice] 32#32: gracefully shutting down
2022/08/20 11:06:38 [notice] 32#32: exiting
2022/08/20 11:06:38 [notice] 32#32: exit
2022/08/20 11:06:38 [notice] 1#1: signal 17 (SIGCHLD) received from 33
2022/08/20 11:06:38 [notice] 1#1: worker process 33 exited with code 0
2022/08/20 11:06:38 [notice] 1#1: signal 29 (SIGIO) received
2022/08/20 11:06:38 [notice] 1#1: signal 17 (SIGCHLD) received from 30
2022/08/20 11:06:38 [notice] 1#1: worker process 30 exited with code 0
2022/08/20 11:06:38 [notice] 1#1: signal 29 (SIGIO) received
2022/08/20 11:06:38 [notice] 1#1: signal 17 (SIGCHLD) received from 31
2022/08/20 11:06:38 [notice] 1#1: worker process 31 exited with code 0
2022/08/20 11:06:38 [notice] 1#1: signal 29 (SIGIO) received
2022/08/20 11:06:38 [notice] 1#1: signal 17 (SIGCHLD) received from 32
2022/08/20 11:06:38 [notice] 1#1: worker process 32 exited with code 0
2022/08/20 11:06:38 [notice] 1#1: exit
2022/08/20 11:09:47 [notice] 1#1: using the "epoll" event method
2022/08/20 11:09:47 [notice] 1#1: nginx/1.23.1
2022/08/20 11:09:47 [notice] 1#1: built by gcc 11.2.1 20220219 (Alpine 11.2.1_git20220219) 
2022/08/20 11:09:47 [notice] 1#1: OS: Linux 5.10.16.3-microsoft-standard-WSL2
2022/08/20 11:09:47 [notice] 1#1: getrlimit(RLIMIT_NOFILE): 1048576:1048576
2022/08/20 11:09:47 [notice] 1#1: start worker processes
2022/08/20 11:09:47 [notice] 1#1: start worker process 42
2022/08/20 11:09:47 [notice] 1#1: start worker process 43
2022/08/20 11:09:47 [notice] 1#1: start worker process 44
2022/08/20 11:09:47 [notice] 1#1: start worker process 45
2022/08/20 11:11:47 [notice] 1#1: signal 3 (SIGQUIT) received, shutting down
2022/08/20 11:11:47 [notice] 45#45: gracefully shutting down
2022/08/20 11:11:47 [notice] 45#45: exiting
2022/08/20 11:11:47 [notice] 42#42: gracefully shutting down
2022/08/20 11:11:47 [notice] 42#42: exiting
2022/08/20 11:11:47 [notice] 45#45: exit
2022/08/20 11:11:47 [notice] 42#42: exit
2022/08/20 11:11:47 [notice] 44#44: gracefully shutting down
2022/08/20 11:11:47 [notice] 44#44: exiting
2022/08/20 11:11:47 [notice] 44#44: exit
2022/08/20 11:11:47 [notice] 43#43: gracefully shutting down
2022/08/20 11:11:47 [notice] 43#43: exiting
2022/08/20 11:11:47 [notice] 43#43: exit
2022/08/20 11:11:47 [notice] 1#1: signal 17 (SIGCHLD) received from 42
2022/08/20 11:11:47 [notice] 1#1: worker process 42 exited with code 0
2022/08/20 11:11:47 [notice] 1#1: worker process 44 exited with code 0
2022/08/20 11:11:47 [notice] 1#1: signal 29 (SIGIO) received
2022/08/20 11:11:47 [notice] 1#1: signal 17 (SIGCHLD) received from 43
2022/08/20 11:11:47 [notice] 1#1: worker process 43 exited with code 0
2022/08/20 11:11:47 [notice] 1#1: signal 29 (SIGIO) received
2022/08/20 11:11:47 [notice] 1#1: signal 17 (SIGCHLD) received from 45
2022/08/20 11:11:47 [notice] 1#1: worker process 45 exited with code 0
2022/08/20 11:11:47 [notice] 1#1: exit
2022/08/20 11:11:57 [notice] 1#1: using the "epoll" event method
2022/08/20 11:11:57 [notice] 1#1: nginx/1.23.1
2022/08/20 11:11:57 [notice] 1#1: built by gcc 11.2.1 20220219 (Alpine 11.2.1_git20220219) 
2022/08/20 11:11:57 [notice] 1#1: OS: Linux 5.10.16.3-microsoft-standard-WSL2
2022/08/20 11:11:57 [notice] 1#1: getrlimit(RLIMIT_NOFILE): 1048576:1048576
2022/08/20 11:11:57 [notice] 1#1: start worker processes
2022/08/20 11:11:57 [notice] 1#1: start worker process 42
2022/08/20 11:11:57 [notice] 1#1: start worker process 43
2022/08/20 11:11:57 [notice] 1#1: start worker process 44
2022/08/20 11:11:57 [notice] 1#1: start worker process 45
2022/08/20 11:19:46 [notice] 1#1: signal 3 (SIGQUIT) received, shutting down
2022/08/20 11:19:46 [notice] 44#44: gracefully shutting down
2022/08/20 11:19:46 [notice] 42#42: gracefully shutting down
2022/08/20 11:19:46 [notice] 44#44: exiting
2022/08/20 11:19:46 [notice] 42#42: exiting
2022/08/20 11:19:46 [notice] 42#42: exit
2022/08/20 11:19:46 [notice] 44#44: exit
2022/08/20 11:19:46 [notice] 45#45: gracefully shutting down
2022/08/20 11:19:46 [notice] 45#45: exiting
2022/08/20 11:19:46 [notice] 43#43: gracefully shutting down
2022/08/20 11:19:46 [notice] 43#43: exiting
2022/08/20 11:19:46 [notice] 45#45: exit
2022/08/20 11:19:46 [notice] 43#43: exit
2022/08/20 11:19:46 [notice] 1#1: signal 17 (SIGCHLD) received from 42
2022/08/20 11:19:46 [notice] 1#1: worker process 42 exited with code 0
2022/08/20 11:19:46 [notice] 1#1: worker process 43 exited with code 0
2022/08/20 11:19:46 [notice] 1#1: signal 29 (SIGIO) received
2022/08/20 11:19:46 [notice] 1#1: signal 17 (SIGCHLD) received from 45
2022/08/20 11:19:46 [notice] 1#1: worker process 45 exited with code 0
2022/08/20 11:19:46 [notice] 1#1: signal 17 (SIGCHLD) received from 44
2022/08/20 11:19:46 [notice] 1#1: worker process 44 exited with code 0
2022/08/20 11:19:46 [notice] 1#1: exit
2022/08/20 11:19:58 [notice] 1#1: using the "epoll" event method
2022/08/20 11:19:58 [notice] 1#1: nginx/1.23.1
2022/08/20 11:19:58 [notice] 1#1: built by gcc 11.2.1 20220219 (Alpine 11.2.1_git20220219) 
2022/08/20 11:19:58 [notice] 1#1: OS: Linux 5.10.16.3-microsoft-standard-WSL2
2022/08/20 11:19:58 [notice] 1#1: getrlimit(RLIMIT_NOFILE): 1048576:1048576
2022/08/20 11:19:58 [notice] 1#1: start worker processes
2022/08/20 11:19:58 [notice] 1#1: start worker process 42
2022/08/20 11:19:58 [notice] 1#1: start worker process 43
2022/08/20 11:19:58 [notice] 1#1: start worker process 44
2022/08/20 11:19:58 [notice] 1#1: start worker process 45
2022/08/20 11:20:23 [error] 42#42: *4 open() "/usr/share/nginx/html/_intellij_phpdebug_validator.php" failed (2: No such file or directory), client: 172.29.0.1, server: localhost, request: "GET /_intellij_phpdebug_validator.php HTTP/1.1", host: "localhost"
2022/08/20 11:20:29 [error] 43#43: *5 open() "/usr/share/nginx/html/_intellij_phpdebug_validator.php" failed (2: No such file or directory), client: 172.29.0.1, server: localhost, request: "GET /_intellij_phpdebug_validator.php HTTP/1.1", host: "localhost"
2022/08/20 11:20:30 [error] 44#44: *6 open() "/usr/share/nginx/html/_intellij_phpdebug_validator.php" failed (2: No such file or directory), client: 172.29.0.1, server: localhost, request: "GET /_intellij_phpdebug_validator.php HTTP/1.1", host: "localhost"
2022/08/20 11:20:31 [error] 45#45: *7 open() "/usr/share/nginx/html/_intellij_phpdebug_validator.php" failed (2: No such file or directory), client: 172.29.0.1, server: localhost, request: "GET /_intellij_phpdebug_validator.php HTTP/1.1", host: "localhost"
2022/08/20 11:20:31 [error] 42#42: *8 open() "/usr/share/nginx/html/_intellij_phpdebug_validator.php" failed (2: No such file or directory), client: 172.29.0.1, server: localhost, request: "GET /_intellij_phpdebug_validator.php HTTP/1.1", host: "localhost"
2022/08/20 11:22:07 [notice] 1#1: signal 3 (SIGQUIT) received, shutting down
2022/08/20 11:22:07 [notice] 44#44: gracefully shutting down
2022/08/20 11:22:07 [notice] 42#42: gracefully shutting down
2022/08/20 11:22:07 [notice] 44#44: exiting
2022/08/20 11:22:07 [notice] 42#42: exiting
2022/08/20 11:22:07 [notice] 42#42: exit
2022/08/20 11:22:07 [notice] 44#44: exit
2022/08/20 11:22:07 [notice] 43#43: gracefully shutting down
2022/08/20 11:22:07 [notice] 43#43: exiting
2022/08/20 11:22:07 [notice] 43#43: exit
2022/08/20 11:22:07 [notice] 45#45: gracefully shutting down
2022/08/20 11:22:07 [notice] 45#45: exiting
2022/08/20 11:22:07 [notice] 45#45: exit
2022/08/20 11:22:07 [notice] 1#1: signal 17 (SIGCHLD) received from 43
2022/08/20 11:22:07 [notice] 1#1: worker process 43 exited with code 0
2022/08/20 11:22:07 [notice] 1#1: signal 29 (SIGIO) received
2022/08/20 11:22:07 [notice] 1#1: signal 17 (SIGCHLD) received from 44
2022/08/20 11:22:07 [notice] 1#1: worker process 44 exited with code 0
2022/08/20 11:22:07 [notice] 1#1: signal 29 (SIGIO) received
2022/08/20 11:22:07 [notice] 1#1: signal 17 (SIGCHLD) received from 45
2022/08/20 11:22:07 [notice] 1#1: worker process 42 exited with code 0
2022/08/20 11:22:07 [notice] 1#1: worker process 45 exited with code 0
2022/08/20 11:22:07 [notice] 1#1: exit
2022/08/20 11:22:17 [notice] 1#1: using the "epoll" event method
2022/08/20 11:22:17 [notice] 1#1: nginx/1.23.1
2022/08/20 11:22:17 [notice] 1#1: built by gcc 11.2.1 20220219 (Alpine 11.2.1_git20220219) 
2022/08/20 11:22:17 [notice] 1#1: OS: Linux 5.10.16.3-microsoft-standard-WSL2
2022/08/20 11:22:17 [notice] 1#1: getrlimit(RLIMIT_NOFILE): 1048576:1048576
2022/08/20 11:22:17 [notice] 1#1: start worker processes
2022/08/20 11:22:17 [notice] 1#1: start worker process 42
2022/08/20 11:22:17 [notice] 1#1: start worker process 43
2022/08/20 11:22:17 [notice] 1#1: start worker process 44
2022/08/20 11:22:17 [notice] 1#1: start worker process 45
2022/08/20 11:23:23 [error] 44#44: *2 FastCGI sent in stderr: "PHP message: Xdebug: [Step Debug] Time-out connecting to debugging client, waited: 200 ms. Tried: 192.168.0.21:9003 (through xdebug.client_host/xdebug.client_port) :-(" while reading response header from upstream, client: 172.29.0.1, server: wordpress.localhost, request: "GET /phpinfo.php HTTP/2.0", upstream: "fastcgi://172.29.0.5:9000", host: "wordpress.localhost"
2022/08/20 11:23:57 [notice] 1#1: signal 3 (SIGQUIT) received, shutting down
2022/08/20 11:23:57 [notice] 44#44: gracefully shutting down
2022/08/20 11:23:57 [notice] 43#43: gracefully shutting down
2022/08/20 11:23:57 [notice] 43#43: exiting
2022/08/20 11:23:57 [notice] 43#43: exit
2022/08/20 11:23:57 [notice] 42#42: gracefully shutting down
2022/08/20 11:23:57 [notice] 42#42: exiting
2022/08/20 11:23:57 [notice] 42#42: exit
2022/08/20 11:23:57 [notice] 45#45: gracefully shutting down
2022/08/20 11:23:57 [notice] 45#45: exiting
2022/08/20 11:23:57 [notice] 44#44: exiting
2022/08/20 11:23:57 [notice] 45#45: exit
2022/08/20 11:23:57 [notice] 44#44: exit
2022/08/20 11:23:57 [notice] 1#1: signal 17 (SIGCHLD) received from 42
2022/08/20 11:23:57 [notice] 1#1: worker process 42 exited with code 0
2022/08/20 11:23:57 [notice] 1#1: signal 29 (SIGIO) received
2022/08/20 11:23:57 [notice] 1#1: signal 17 (SIGCHLD) received from 45
2022/08/20 11:23:57 [notice] 1#1: worker process 45 exited with code 0
2022/08/20 11:23:57 [notice] 1#1: signal 29 (SIGIO) received
2022/08/20 11:23:57 [notice] 1#1: signal 17 (SIGCHLD) received from 43
2022/08/20 11:23:57 [notice] 1#1: worker process 43 exited with code 0
2022/08/20 11:23:57 [notice] 1#1: worker process 44 exited with code 0
2022/08/20 11:23:57 [notice] 1#1: exit
2022/08/20 11:24:08 [notice] 1#1: using the "epoll" event method
2022/08/20 11:24:08 [notice] 1#1: nginx/1.23.1
2022/08/20 11:24:08 [notice] 1#1: built by gcc 11.2.1 20220219 (Alpine 11.2.1_git20220219) 
2022/08/20 11:24:08 [notice] 1#1: OS: Linux 5.10.16.3-microsoft-standard-WSL2
2022/08/20 11:24:08 [notice] 1#1: getrlimit(RLIMIT_NOFILE): 1048576:1048576
2022/08/20 11:24:08 [notice] 1#1: start worker processes
2022/08/20 11:24:08 [notice] 1#1: start worker process 42
2022/08/20 11:24:08 [notice] 1#1: start worker process 43
2022/08/20 11:24:08 [notice] 1#1: start worker process 44
2022/08/20 11:24:08 [notice] 1#1: start worker process 45
2022/08/20 11:25:12 [notice] 1#1: signal 3 (SIGQUIT) received, shutting down
2022/08/20 11:25:12 [notice] 42#42: gracefully shutting down
2022/08/20 11:25:12 [notice] 43#43: gracefully shutting down
2022/08/20 11:25:12 [notice] 42#42: exiting
2022/08/20 11:25:12 [notice] 43#43: exiting
2022/08/20 11:25:12 [notice] 43#43: exit
2022/08/20 11:25:12 [notice] 42#42: exit
2022/08/20 11:25:12 [notice] 45#45: gracefully shutting down
2022/08/20 11:25:12 [notice] 45#45: exiting
2022/08/20 11:25:12 [notice] 44#44: gracefully shutting down
2022/08/20 11:25:12 [notice] 44#44: exiting
2022/08/20 11:25:12 [notice] 44#44: exit
2022/08/20 11:25:12 [notice] 45#45: exit
2022/08/20 11:25:12 [notice] 1#1: signal 17 (SIGCHLD) received from 45
2022/08/20 11:25:12 [notice] 1#1: worker process 45 exited with code 0
2022/08/20 11:25:12 [notice] 1#1: signal 29 (SIGIO) received
2022/08/20 11:25:12 [notice] 1#1: signal 17 (SIGCHLD) received from 42
2022/08/20 11:25:12 [notice] 1#1: worker process 42 exited with code 0
2022/08/20 11:25:12 [notice] 1#1: worker process 43 exited with code 0
2022/08/20 11:25:12 [notice] 1#1: signal 29 (SIGIO) received
2022/08/20 11:25:12 [notice] 1#1: signal 17 (SIGCHLD) received from 44
2022/08/20 11:25:12 [notice] 1#1: worker process 44 exited with code 0
2022/08/20 11:25:12 [notice] 1#1: exit
2022/08/20 11:25:23 [notice] 1#1: using the "epoll" event method
2022/08/20 11:25:23 [notice] 1#1: nginx/1.23.1
2022/08/20 11:25:23 [notice] 1#1: built by gcc 11.2.1 20220219 (Alpine 11.2.1_git20220219) 
2022/08/20 11:25:23 [notice] 1#1: OS: Linux 5.10.16.3-microsoft-standard-WSL2
2022/08/20 11:25:23 [notice] 1#1: getrlimit(RLIMIT_NOFILE): 1048576:1048576
2022/08/20 11:25:23 [notice] 1#1: start worker processes
2022/08/20 11:25:23 [notice] 1#1: start worker process 42
2022/08/20 11:25:23 [notice] 1#1: start worker process 43
2022/08/20 11:25:23 [notice] 1#1: start worker process 44
2022/08/20 11:25:23 [notice] 1#1: start worker process 45
2022/08/20 11:25:32 [error] 43#43: *2 FastCGI sent in stderr: "PHP message: Xdebug: [Step Debug] Could not connect to debugging client. Tried: localhost:9003 (through xdebug.client_host/xdebug.client_port) :-(" while reading response header from upstream, client: 172.29.0.1, server: wordpress.localhost, request: "GET / HTTP/2.0", upstream: "fastcgi://172.29.0.5:9000", host: "wordpress.localhost"
2022/08/20 11:25:32 [error] 43#43: *2 FastCGI sent in stderr: "PHP message: Xdebug: [Step Debug] Could not connect to debugging client. Tried: localhost:9003 (through xdebug.client_host/xdebug.client_port) :-(PHP message: Xdebug: [Step Debug] Could not connect to debugging client. Tried: localhost:9003 (through xdebug.client_host/xdebug.client_port) :-(" while reading upstream, client: 172.29.0.1, server: wordpress.localhost, request: "GET / HTTP/2.0", upstream: "fastcgi://172.29.0.5:9000", host: "wordpress.localhost"
2022/08/20 11:25:35 [error] 43#43: *2 FastCGI sent in stderr: "PHP message: Xdebug: [Step Debug] Could not connect to debugging client. Tried: localhost:9003 (through xdebug.client_host/xdebug.client_port) :-(" while reading response header from upstream, client: 172.29.0.1, server: wordpress.localhost, request: "GET /phpinfo.php HTTP/2.0", upstream: "fastcgi://172.29.0.5:9000", host: "wordpress.localhost"
2022/08/20 11:26:01 [error] 43#43: *2 FastCGI sent in stderr: "PHP message: Xdebug: [Step Debug] Could not connect to debugging client. Tried: localhost:9003 (through xdebug.client_host/xdebug.client_port) :-(" while reading response header from upstream, client: 172.29.0.1, server: wordpress.localhost, request: "GET /phpinfo.php HTTP/2.0", upstream: "fastcgi://172.29.0.5:9000", host: "wordpress.localhost"
2022/08/20 11:26:02 [error] 43#43: *2 FastCGI sent in stderr: "PHP message: Xdebug: [Step Debug] Could not connect to debugging client. Tried: localhost:9003 (through xdebug.client_host/xdebug.client_port) :-(" while reading response header from upstream, client: 172.29.0.1, server: wordpress.localhost, request: "GET /phpinfo.php HTTP/2.0", upstream: "fastcgi://172.29.0.5:9000", host: "wordpress.localhost"
2022/08/20 11:29:03 [error] 44#44: *7 FastCGI sent in stderr: "PHP message: Xdebug: [Step Debug] Could not connect to debugging client. Tried: localhost:9003 (through xdebug.client_host/xdebug.client_port) :-(" while reading response header from upstream, client: 172.29.0.1, server: wordpress.localhost, request: "GET /phpinfo.php HTTP/2.0", upstream: "fastcgi://172.29.0.5:9000", host: "wordpress.localhost"
2022/08/20 11:29:12 [error] 44#44: *7 FastCGI sent in stderr: "PHP message: Xdebug: [Step Debug] Could not connect to debugging client. Tried: localhost:9003 (through xdebug.client_host/xdebug.client_port) :-(" while reading response header from upstream, client: 172.29.0.1, server: wordpress.localhost, request: "GET /phpinfo.php HTTP/2.0", upstream: "fastcgi://172.29.0.5:9000", host: "wordpress.localhost"
2022/08/20 11:29:15 [notice] 1#1: signal 3 (SIGQUIT) received, shutting down
2022/08/20 11:29:15 [notice] 44#44: gracefully shutting down
2022/08/20 11:29:15 [notice] 43#43: gracefully shutting down
2022/08/20 11:29:15 [notice] 43#43: exiting
2022/08/20 11:29:15 [notice] 42#42: gracefully shutting down
2022/08/20 11:29:15 [notice] 42#42: exiting
2022/08/20 11:29:15 [notice] 43#43: exit
2022/08/20 11:29:15 [notice] 42#42: exit
2022/08/20 11:29:15 [notice] 45#45: gracefully shutting down
2022/08/20 11:29:15 [notice] 45#45: exiting
2022/08/20 11:29:15 [notice] 45#45: exit
2022/08/20 11:29:15 [notice] 44#44: exiting
2022/08/20 11:29:15 [notice] 44#44: exit
2022/08/20 11:29:15 [notice] 1#1: signal 17 (SIGCHLD) received from 44
2022/08/20 11:29:15 [notice] 1#1: worker process 43 exited with code 0
2022/08/20 11:29:15 [notice] 1#1: worker process 44 exited with code 0
2022/08/20 11:29:15 [notice] 1#1: signal 29 (SIGIO) received
2022/08/20 11:29:15 [notice] 1#1: signal 17 (SIGCHLD) received from 45
2022/08/20 11:29:15 [notice] 1#1: worker process 45 exited with code 0
2022/08/20 11:29:15 [notice] 1#1: signal 29 (SIGIO) received
2022/08/20 11:29:15 [notice] 1#1: signal 17 (SIGCHLD) received from 42
2022/08/20 11:29:15 [notice] 1#1: worker process 42 exited with code 0
2022/08/20 11:29:15 [notice] 1#1: exit
2022/08/20 11:29:27 [notice] 1#1: using the "epoll" event method
2022/08/20 11:29:27 [notice] 1#1: nginx/1.23.1
2022/08/20 11:29:27 [notice] 1#1: built by gcc 11.2.1 20220219 (Alpine 11.2.1_git20220219) 
2022/08/20 11:29:27 [notice] 1#1: OS: Linux 5.10.16.3-microsoft-standard-WSL2
2022/08/20 11:29:27 [notice] 1#1: getrlimit(RLIMIT_NOFILE): 1048576:1048576
2022/08/20 11:29:27 [notice] 1#1: start worker processes
2022/08/20 11:29:27 [notice] 1#1: start worker process 42
2022/08/20 11:29:27 [notice] 1#1: start worker process 43
2022/08/20 11:29:27 [notice] 1#1: start worker process 44
2022/08/20 11:29:27 [notice] 1#1: start worker process 45
2022/08/20 11:30:14 [notice] 1#1: signal 3 (SIGQUIT) received, shutting down
2022/08/20 11:30:14 [notice] 43#43: gracefully shutting down
2022/08/20 11:30:14 [notice] 43#43: exiting
2022/08/20 11:30:14 [notice] 45#45: gracefully shutting down
2022/08/20 11:30:14 [notice] 45#45: exiting
2022/08/20 11:30:14 [notice] 43#43: exit
2022/08/20 11:30:14 [notice] 45#45: exit
2022/08/20 11:30:14 [notice] 42#42: gracefully shutting down
2022/08/20 11:30:14 [notice] 42#42: exiting
2022/08/20 11:30:14 [notice] 42#42: exit
2022/08/20 11:30:14 [notice] 44#44: gracefully shutting down
2022/08/20 11:30:14 [notice] 44#44: exiting
2022/08/20 11:30:14 [notice] 44#44: exit
2022/08/20 11:30:14 [notice] 1#1: signal 17 (SIGCHLD) received from 45
2022/08/20 11:30:14 [notice] 1#1: worker process 42 exited with code 0
2022/08/20 11:30:14 [notice] 1#1: worker process 45 exited with code 0
2022/08/20 11:30:14 [notice] 1#1: signal 29 (SIGIO) received
2022/08/20 11:30:14 [notice] 1#1: signal 17 (SIGCHLD) received from 43
2022/08/20 11:30:14 [notice] 1#1: worker process 43 exited with code 0
2022/08/20 11:30:14 [notice] 1#1: signal 29 (SIGIO) received
2022/08/20 11:30:14 [notice] 1#1: signal 17 (SIGCHLD) received from 44
2022/08/20 11:30:14 [notice] 1#1: worker process 44 exited with code 0
2022/08/20 11:30:14 [notice] 1#1: exit
2022/08/20 11:30:22 [notice] 1#1: using the "epoll" event method
2022/08/20 11:30:22 [notice] 1#1: nginx/1.23.1
2022/08/20 11:30:22 [notice] 1#1: built by gcc 11.2.1 20220219 (Alpine 11.2.1_git20220219) 
2022/08/20 11:30:22 [notice] 1#1: OS: Linux 5.10.16.3-microsoft-standard-WSL2
2022/08/20 11:30:22 [notice] 1#1: getrlimit(RLIMIT_NOFILE): 1048576:1048576
2022/08/20 11:30:22 [notice] 1#1: start worker processes
2022/08/20 11:30:22 [notice] 1#1: start worker process 30
2022/08/20 11:30:22 [notice] 1#1: start worker process 31
2022/08/20 11:30:22 [notice] 1#1: start worker process 32
2022/08/20 11:30:22 [notice] 1#1: start worker process 33
2022/08/20 11:31:55 [notice] 1#1: signal 3 (SIGQUIT) received, shutting down
2022/08/20 11:31:55 [notice] 30#30: gracefully shutting down
2022/08/20 11:31:55 [notice] 31#31: gracefully shutting down
2022/08/20 11:31:55 [notice] 31#31: exiting
2022/08/20 11:31:55 [notice] 30#30: exiting
2022/08/20 11:31:55 [notice] 31#31: exit
2022/08/20 11:31:55 [notice] 30#30: exit
2022/08/20 11:31:55 [notice] 32#32: gracefully shutting down
2022/08/20 11:31:55 [notice] 32#32: exiting
2022/08/20 11:31:55 [notice] 33#33: gracefully shutting down
2022/08/20 11:31:55 [notice] 33#33: exiting
2022/08/20 11:31:55 [notice] 33#33: exit
2022/08/20 11:31:55 [notice] 32#32: exit
2022/08/20 11:31:55 [notice] 1#1: signal 17 (SIGCHLD) received from 33
2022/08/20 11:31:55 [notice] 1#1: worker process 30 exited with code 0
2022/08/20 11:31:55 [notice] 1#1: worker process 31 exited with code 0
2022/08/20 11:31:55 [notice] 1#1: worker process 33 exited with code 0
2022/08/20 11:31:55 [notice] 1#1: signal 29 (SIGIO) received
2022/08/20 11:31:55 [notice] 1#1: signal 17 (SIGCHLD) received from 30
2022/08/20 11:31:55 [notice] 1#1: signal 17 (SIGCHLD) received from 32
2022/08/20 11:31:55 [notice] 1#1: worker process 32 exited with code 0
2022/08/20 11:31:55 [notice] 1#1: exit
2022/08/20 11:35:33 [notice] 1#1: using the "epoll" event method
2022/08/20 11:35:33 [notice] 1#1: nginx/1.23.1
2022/08/20 11:35:33 [notice] 1#1: built by gcc 11.2.1 20220219 (Alpine 11.2.1_git20220219) 
2022/08/20 11:35:33 [notice] 1#1: OS: Linux 5.10.16.3-microsoft-standard-WSL2
2022/08/20 11:35:33 [notice] 1#1: getrlimit(RLIMIT_NOFILE): 1048576:1048576
2022/08/20 11:35:33 [notice] 1#1: start worker processes
2022/08/20 11:35:33 [notice] 1#1: start worker process 42
2022/08/20 11:35:33 [notice] 1#1: start worker process 43
2022/08/20 11:35:33 [notice] 1#1: start worker process 44
2022/08/20 11:35:33 [notice] 1#1: start worker process 45
2022/08/20 11:59:35 [notice] 1#1: signal 3 (SIGQUIT) received, shutting down
2022/08/20 11:59:35 [notice] 43#43: gracefully shutting down
2022/08/20 11:59:35 [notice] 42#42: gracefully shutting down
2022/08/20 11:59:35 [notice] 43#43: exiting
2022/08/20 11:59:35 [notice] 42#42: exiting
2022/08/20 11:59:35 [notice] 42#42: exit
2022/08/20 11:59:35 [notice] 43#43: exit
2022/08/20 11:59:35 [notice] 44#44: gracefully shutting down
2022/08/20 11:59:35 [notice] 44#44: exiting
2022/08/20 11:59:35 [notice] 44#44: exit
2022/08/20 11:59:35 [notice] 45#45: gracefully shutting down
2022/08/20 11:59:35 [notice] 45#45: exiting
2022/08/20 11:59:35 [notice] 45#45: exit
2022/08/20 11:59:35 [notice] 1#1: signal 17 (SIGCHLD) received from 42
2022/08/20 11:59:35 [notice] 1#1: worker process 42 exited with code 0
2022/08/20 11:59:35 [notice] 1#1: signal 29 (SIGIO) received
2022/08/20 11:59:35 [notice] 1#1: signal 17 (SIGCHLD) received from 44
2022/08/20 11:59:35 [notice] 1#1: worker process 44 exited with code 0
2022/08/20 11:59:35 [notice] 1#1: worker process 45 exited with code 0
2022/08/20 11:59:35 [notice] 1#1: signal 29 (SIGIO) received
2022/08/20 11:59:35 [notice] 1#1: signal 17 (SIGCHLD) received from 43
2022/08/20 11:59:35 [notice] 1#1: worker process 43 exited with code 0
2022/08/20 11:59:35 [notice] 1#1: exit
2022/08/20 11:59:49 [notice] 1#1: using the "epoll" event method
2022/08/20 11:59:49 [notice] 1#1: nginx/1.23.1
2022/08/20 11:59:49 [notice] 1#1: built by gcc 11.2.1 20220219 (Alpine 11.2.1_git20220219) 
2022/08/20 11:59:49 [notice] 1#1: OS: Linux 5.10.16.3-microsoft-standard-WSL2
2022/08/20 11:59:49 [notice] 1#1: getrlimit(RLIMIT_NOFILE): 1048576:1048576
2022/08/20 11:59:49 [notice] 1#1: start worker processes
2022/08/20 11:59:49 [notice] 1#1: start worker process 42
2022/08/20 11:59:49 [notice] 1#1: start worker process 43
2022/08/20 11:59:49 [notice] 1#1: start worker process 44
2022/08/20 11:59:49 [notice] 1#1: start worker process 45
2022/08/20 12:00:15 [notice] 1#1: signal 3 (SIGQUIT) received, shutting down
2022/08/20 12:00:15 [notice] 42#42: gracefully shutting down
2022/08/20 12:00:15 [notice] 43#43: gracefully shutting down
2022/08/20 12:00:15 [notice] 45#45: gracefully shutting down
2022/08/20 12:00:15 [notice] 42#42: exiting
2022/08/20 12:00:15 [notice] 43#43: exiting
2022/08/20 12:00:15 [notice] 45#45: exiting
2022/08/20 12:00:15 [notice] 43#43: exit
2022/08/20 12:00:15 [notice] 42#42: exit
2022/08/20 12:00:15 [notice] 45#45: exit
2022/08/20 12:00:15 [notice] 44#44: gracefully shutting down
2022/08/20 12:00:15 [notice] 44#44: exiting
2022/08/20 12:00:15 [notice] 44#44: exit
2022/08/20 12:00:15 [notice] 1#1: signal 17 (SIGCHLD) received from 43
2022/08/20 12:00:15 [notice] 1#1: worker process 43 exited with code 0
2022/08/20 12:00:15 [notice] 1#1: signal 29 (SIGIO) received
2022/08/20 12:00:15 [notice] 1#1: signal 17 (SIGCHLD) received from 45
2022/08/20 12:00:15 [notice] 1#1: worker process 45 exited with code 0
2022/08/20 12:00:15 [notice] 1#1: signal 29 (SIGIO) received
2022/08/20 12:00:15 [notice] 1#1: signal 17 (SIGCHLD) received from 42
2022/08/20 12:00:15 [notice] 1#1: worker process 42 exited with code 0
2022/08/20 12:00:15 [notice] 1#1: signal 29 (SIGIO) received
2022/08/20 12:00:15 [notice] 1#1: signal 17 (SIGCHLD) received from 44
2022/08/20 12:00:15 [notice] 1#1: worker process 44 exited with code 0
2022/08/20 12:00:15 [notice] 1#1: exit
2022/08/20 12:02:35 [emerg] 1#1: host not found in upstream "wordpress:9000" in /etc/nginx/conf.d/wordpress.conf:2
2022/08/20 12:02:50 [notice] 1#1: using the "epoll" event method
2022/08/20 12:02:50 [notice] 1#1: nginx/1.23.1
2022/08/20 12:02:50 [notice] 1#1: built by gcc 11.2.1 20220219 (Alpine 11.2.1_git20220219) 
2022/08/20 12:02:50 [notice] 1#1: OS: Linux 5.10.16.3-microsoft-standard-WSL2
2022/08/20 12:02:50 [notice] 1#1: getrlimit(RLIMIT_NOFILE): 1048576:1048576
2022/08/20 12:02:50 [notice] 1#1: start worker processes
2022/08/20 12:02:50 [notice] 1#1: start worker process 42
2022/08/20 12:02:50 [notice] 1#1: start worker process 43
2022/08/20 12:02:50 [notice] 1#1: start worker process 44
2022/08/20 12:02:50 [notice] 1#1: start worker process 45
2022/08/20 12:03:40 [notice] 1#1: signal 3 (SIGQUIT) received, shutting down
2022/08/20 12:03:40 [notice] 43#43: gracefully shutting down
2022/08/20 12:03:40 [notice] 43#43: exiting
2022/08/20 12:03:40 [notice] 43#43: exit
2022/08/20 12:03:40 [notice] 42#42: gracefully shutting down
2022/08/20 12:03:40 [notice] 42#42: exiting
2022/08/20 12:03:40 [notice] 42#42: exit
2022/08/20 12:03:40 [notice] 45#45: gracefully shutting down
2022/08/20 12:03:40 [notice] 45#45: exiting
2022/08/20 12:03:40 [notice] 45#45: exit
2022/08/20 12:03:40 [notice] 44#44: gracefully shutting down
2022/08/20 12:03:40 [notice] 44#44: exiting
2022/08/20 12:03:40 [notice] 44#44: exit
2022/08/20 12:03:40 [notice] 1#1: signal 17 (SIGCHLD) received from 42
2022/08/20 12:03:40 [notice] 1#1: worker process 42 exited with code 0
2022/08/20 12:03:40 [notice] 1#1: worker process 43 exited with code 0
2022/08/20 12:03:40 [notice] 1#1: signal 29 (SIGIO) received
2022/08/20 12:03:40 [notice] 1#1: signal 17 (SIGCHLD) received from 45
2022/08/20 12:03:40 [notice] 1#1: worker process 45 exited with code 0
2022/08/20 12:03:40 [notice] 1#1: signal 29 (SIGIO) received
2022/08/20 12:03:40 [notice] 1#1: signal 17 (SIGCHLD) received from 44
2022/08/20 12:03:40 [notice] 1#1: worker process 44 exited with code 0
2022/08/20 12:03:40 [notice] 1#1: exit
2022/08/20 12:04:27 [emerg] 1#1: host not found in upstream "wordpress:9000" in /etc/nginx/conf.d/wordpress.conf:2
2022/08/20 12:34:44 [notice] 1#1: using the "epoll" event method
2022/08/20 12:34:44 [notice] 1#1: nginx/1.23.1
2022/08/20 12:34:44 [notice] 1#1: built by gcc 11.2.1 20220219 (Alpine 11.2.1_git20220219) 
2022/08/20 12:34:44 [notice] 1#1: OS: Linux 5.10.16.3-microsoft-standard-WSL2
2022/08/20 12:34:44 [notice] 1#1: getrlimit(RLIMIT_NOFILE): 1048576:1048576
2022/08/20 12:34:44 [notice] 1#1: start worker processes
2022/08/20 12:34:44 [notice] 1#1: start worker process 42
2022/08/20 12:34:44 [notice] 1#1: start worker process 43
2022/08/20 12:34:44 [notice] 1#1: start worker process 44
2022/08/20 12:34:44 [notice] 1#1: start worker process 45
2022/08/20 12:34:55 [notice] 1#1: signal 3 (SIGQUIT) received, shutting down
2022/08/20 12:34:55 [notice] 42#42: gracefully shutting down
2022/08/20 12:34:55 [notice] 44#44: gracefully shutting down
2022/08/20 12:34:55 [notice] 42#42: exiting
2022/08/20 12:34:55 [notice] 44#44: exiting
2022/08/20 12:34:55 [notice] 42#42: exit
2022/08/20 12:34:55 [notice] 44#44: exit
2022/08/20 12:34:55 [notice] 45#45: gracefully shutting down
2022/08/20 12:34:55 [notice] 45#45: exiting
2022/08/20 12:34:55 [notice] 43#43: gracefully shutting down
2022/08/20 12:34:55 [notice] 43#43: exiting
2022/08/20 12:34:55 [notice] 45#45: exit
2022/08/20 12:34:55 [notice] 43#43: exit
2022/08/20 12:34:55 [notice] 1#1: signal 17 (SIGCHLD) received from 42
2022/08/20 12:34:55 [notice] 1#1: worker process 42 exited with code 0
2022/08/20 12:34:55 [notice] 1#1: worker process 43 exited with code 0
2022/08/20 12:34:55 [notice] 1#1: signal 29 (SIGIO) received
2022/08/20 12:34:55 [notice] 1#1: signal 17 (SIGCHLD) received from 45
2022/08/20 12:34:55 [notice] 1#1: worker process 45 exited with code 0
2022/08/20 12:34:55 [notice] 1#1: signal 29 (SIGIO) received
2022/08/20 12:34:55 [notice] 1#1: signal 17 (SIGCHLD) received from 44
2022/08/20 12:34:55 [notice] 1#1: worker process 44 exited with code 0
2022/08/20 12:34:55 [notice] 1#1: exit
2022/08/20 12:47:24 [notice] 1#1: using the "epoll" event method
2022/08/20 12:47:24 [notice] 1#1: nginx/1.23.1
2022/08/20 12:47:24 [notice] 1#1: built by gcc 11.2.1 20220219 (Alpine 11.2.1_git20220219) 
2022/08/20 12:47:24 [notice] 1#1: OS: Linux 5.10.16.3-microsoft-standard-WSL2
2022/08/20 12:47:24 [notice] 1#1: getrlimit(RLIMIT_NOFILE): 1048576:1048576
2022/08/20 12:47:24 [notice] 1#1: start worker processes
2022/08/20 12:47:24 [notice] 1#1: start worker process 42
2022/08/20 12:47:24 [notice] 1#1: start worker process 43
2022/08/20 12:47:24 [notice] 1#1: start worker process 44
2022/08/20 12:47:24 [notice] 1#1: start worker process 45
2022/08/20 12:47:27 [notice] 1#1: signal 3 (SIGQUIT) received, shutting down
2022/08/20 12:47:27 [notice] 42#42: gracefully shutting down
2022/08/20 12:47:27 [notice] 45#45: gracefully shutting down
2022/08/20 12:47:27 [notice] 42#42: exiting
2022/08/20 12:47:27 [notice] 45#45: exiting
2022/08/20 12:47:27 [notice] 42#42: exit
2022/08/20 12:47:27 [notice] 45#45: exit
2022/08/20 12:47:27 [notice] 44#44: gracefully shutting down
2022/08/20 12:47:27 [notice] 44#44: exiting
2022/08/20 12:47:27 [notice] 44#44: exit
2022/08/20 12:47:27 [notice] 43#43: gracefully shutting down
2022/08/20 12:47:27 [notice] 43#43: exiting
2022/08/20 12:47:27 [notice] 43#43: exit
2022/08/20 12:47:27 [notice] 1#1: signal 17 (SIGCHLD) received from 45
2022/08/20 12:47:27 [notice] 1#1: worker process 42 exited with code 0
2022/08/20 12:47:27 [notice] 1#1: worker process 43 exited with code 0
2022/08/20 12:47:27 [notice] 1#1: worker process 45 exited with code 0
2022/08/20 12:47:27 [notice] 1#1: signal 29 (SIGIO) received
2022/08/20 12:47:27 [notice] 1#1: signal 17 (SIGCHLD) received from 44
2022/08/20 12:47:27 [notice] 1#1: worker process 44 exited with code 0
2022/08/20 12:47:27 [notice] 1#1: exit
2022/08/20 12:47:58 [notice] 1#1: using the "epoll" event method
2022/08/20 12:47:58 [notice] 1#1: nginx/1.23.1
2022/08/20 12:47:58 [notice] 1#1: built by gcc 11.2.1 20220219 (Alpine 11.2.1_git20220219) 
2022/08/20 12:47:58 [notice] 1#1: OS: Linux 5.10.16.3-microsoft-standard-WSL2
2022/08/20 12:47:58 [notice] 1#1: getrlimit(RLIMIT_NOFILE): 1048576:1048576
2022/08/20 12:47:58 [notice] 1#1: start worker processes
2022/08/20 12:47:58 [notice] 1#1: start worker process 42
2022/08/20 12:47:58 [notice] 1#1: start worker process 43
2022/08/20 12:47:58 [notice] 1#1: start worker process 44
2022/08/20 12:47:58 [notice] 1#1: start worker process 45
2022/08/20 12:48:23 [notice] 1#1: signal 3 (SIGQUIT) received, shutting down
2022/08/20 12:48:23 [notice] 42#42: gracefully shutting down
2022/08/20 12:48:23 [notice] 44#44: gracefully shutting down
2022/08/20 12:48:23 [notice] 45#45: gracefully shutting down
2022/08/20 12:48:23 [notice] 42#42: exiting
2022/08/20 12:48:23 [notice] 44#44: exiting
2022/08/20 12:48:23 [notice] 45#45: exiting
2022/08/20 12:48:23 [notice] 44#44: exit
2022/08/20 12:48:23 [notice] 42#42: exit
2022/08/20 12:48:23 [notice] 43#43: gracefully shutting down
2022/08/20 12:48:23 [notice] 43#43: exiting
2022/08/20 12:48:23 [notice] 43#43: exit
2022/08/20 12:48:23 [notice] 45#45: exit
2022/08/20 12:48:23 [notice] 1#1: signal 17 (SIGCHLD) received from 42
2022/08/20 12:48:23 [notice] 1#1: worker process 42 exited with code 0
2022/08/20 12:48:23 [notice] 1#1: signal 29 (SIGIO) received
2022/08/20 12:48:23 [notice] 1#1: signal 17 (SIGCHLD) received from 44
2022/08/20 12:48:23 [notice] 1#1: worker process 44 exited with code 0
2022/08/20 12:48:23 [notice] 1#1: signal 29 (SIGIO) received
2022/08/20 12:48:23 [notice] 1#1: signal 17 (SIGCHLD) received from 43
2022/08/20 12:48:23 [notice] 1#1: worker process 43 exited with code 0
2022/08/20 12:48:23 [notice] 1#1: signal 29 (SIGIO) received
2022/08/20 12:48:23 [notice] 1#1: signal 17 (SIGCHLD) received from 45
2022/08/20 12:48:23 [notice] 1#1: worker process 45 exited with code 0
2022/08/20 12:48:23 [notice] 1#1: exit
2022/08/20 12:48:46 [notice] 1#1: using the "epoll" event method
2022/08/20 12:48:46 [notice] 1#1: nginx/1.23.1
2022/08/20 12:48:46 [notice] 1#1: built by gcc 11.2.1 20220219 (Alpine 11.2.1_git20220219) 
2022/08/20 12:48:46 [notice] 1#1: OS: Linux 5.10.16.3-microsoft-standard-WSL2
2022/08/20 12:48:46 [notice] 1#1: getrlimit(RLIMIT_NOFILE): 1048576:1048576
2022/08/20 12:48:46 [notice] 1#1: start worker processes
2022/08/20 12:48:46 [notice] 1#1: start worker process 42
2022/08/20 12:48:46 [notice] 1#1: start worker process 43
2022/08/20 12:48:46 [notice] 1#1: start worker process 44
2022/08/20 12:48:46 [notice] 1#1: start worker process 45
2022/08/20 12:48:51 [notice] 1#1: signal 3 (SIGQUIT) received, shutting down
2022/08/20 12:48:51 [notice] 43#43: gracefully shutting down
2022/08/20 12:48:51 [notice] 43#43: exiting
2022/08/20 12:48:51 [notice] 45#45: gracefully shutting down
2022/08/20 12:48:51 [notice] 45#45: exiting
2022/08/20 12:48:51 [notice] 43#43: exit
2022/08/20 12:48:51 [notice] 45#45: exit
2022/08/20 12:48:51 [notice] 44#44: gracefully shutting down
2022/08/20 12:48:51 [notice] 44#44: exiting
2022/08/20 12:48:51 [notice] 44#44: exit
2022/08/20 12:48:51 [notice] 42#42: gracefully shutting down
2022/08/20 12:48:51 [notice] 42#42: exiting
2022/08/20 12:48:51 [notice] 42#42: exit
2022/08/20 12:48:51 [notice] 1#1: signal 17 (SIGCHLD) received from 45
2022/08/20 12:48:51 [notice] 1#1: worker process 42 exited with code 0
2022/08/20 12:48:51 [notice] 1#1: worker process 44 exited with code 0
2022/08/20 12:48:51 [notice] 1#1: worker process 45 exited with code 0
2022/08/20 12:48:51 [notice] 1#1: signal 29 (SIGIO) received
2022/08/20 12:48:51 [notice] 1#1: signal 17 (SIGCHLD) received from 43
2022/08/20 12:48:51 [notice] 1#1: worker process 43 exited with code 0
2022/08/20 12:48:51 [notice] 1#1: exit
2022/08/20 12:49:51 [emerg] 1#1: host not found in upstream "wordpress:9000" in /etc/nginx/conf.d/wordpress.conf:2
2022/08/20 12:57:41 [emerg] 1#1: host not found in upstream "wordpress:9000" in /etc/nginx/conf.d/wordpress.conf:2
2022/08/20 12:58:23 [emerg] 1#1: host not found in upstream "wordpress:9000" in /etc/nginx/conf.d/wordpress.conf:2
2022/08/20 12:59:20 [emerg] 1#1: host not found in upstream "wordpress:9000" in /etc/nginx/conf.d/wordpress.conf:2
2022/08/20 13:09:51 [emerg] 1#1: host not found in upstream "wordpress:9000" in /etc/nginx/conf.d/wordpress.conf:2
2022/08/20 13:14:50 [emerg] 1#1: host not found in upstream "wordpress:9000" in /etc/nginx/conf.d/wordpress.conf:2
2022/08/20 13:16:09 [emerg] 1#1: host not found in upstream "wordpress:9000" in /etc/nginx/conf.d/wordpress.conf:2
2022/08/20 13:16:56 [emerg] 1#1: host not found in upstream "wordpress:9000" in /etc/nginx/conf.d/wordpress.conf:2
2022/08/20 13:17:17 [emerg] 1#1: host not found in upstream "wordpress:9000" in /etc/nginx/conf.d/wordpress.conf:2
2022/08/20 13:18:11 [emerg] 1#1: host not found in upstream "wordpress:9000" in /etc/nginx/conf.d/wordpress.conf:2
2022/08/20 13:19:44 [emerg] 1#1: host not found in upstream "wordpress:9000" in /etc/nginx/conf.d/wordpress.conf:2
2022/08/20 13:21:32 [emerg] 1#1: host not found in upstream "wordpress:9000" in /etc/nginx/conf.d/wordpress.conf:2
2022/08/20 13:22:03 [emerg] 1#1: host not found in upstream "wordpress:9000" in /etc/nginx/conf.d/wordpress.conf:2
2022/08/20 13:24:52 [emerg] 1#1: host not found in upstream "wordpress:9000" in /etc/nginx/conf.d/wordpress.conf:2
2022/08/20 13:52:00 [emerg] 1#1: host not found in upstream "wordpress:9000" in /etc/nginx/conf.d/wordpress.conf:2
2022/08/20 13:53:04 [emerg] 1#1: host not found in upstream "wordpress:9000" in /etc/nginx/conf.d/wordpress.conf:2
2022/08/20 13:54:38 [emerg] 1#1: host not found in upstream "wordpress:9000" in /etc/nginx/conf.d/wordpress.conf:2
2022/08/20 14:05:18 [emerg] 1#1: host not found in upstream "wordpress:9000" in /etc/nginx/conf.d/wordpress.conf:2
2022/08/20 14:06:38 [emerg] 1#1: host not found in upstream "wordpress:9000" in /etc/nginx/conf.d/wordpress.conf:2
2022/08/20 14:09:11 [emerg] 1#1: host not found in upstream "wordpress:9000" in /etc/nginx/conf.d/wordpress.conf:2
2022/08/20 14:11:36 [emerg] 1#1: host not found in upstream "wordpress:9000" in /etc/nginx/conf.d/wordpress.conf:2
2022/08/20 14:12:18 [emerg] 1#1: invalid number of arguments in "server_name" directive in /etc/nginx/conf.d/wordpress.conf:7
2022/08/20 14:13:29 [emerg] 1#1: host not found in upstream "wordpress:9000" in /etc/nginx/conf.d/wordpress.conf:2
2022/08/20 14:16:14 [emerg] 1#1: host not found in upstream "wordpress:9000" in /etc/nginx/conf.d/wordpress.conf:2
2022/08/20 14:24:34 [emerg] 1#1: host not found in upstream "wordpress:9000" in /etc/nginx/conf.d/wordpress.conf:2
2022/08/20 14:30:37 [notice] 1#1: using the "epoll" event method
2022/08/20 14:30:37 [notice] 1#1: nginx/1.23.1
2022/08/20 14:30:37 [notice] 1#1: built by gcc 11.2.1 20220219 (Alpine 11.2.1_git20220219) 
2022/08/20 14:30:37 [notice] 1#1: OS: Linux 5.10.16.3-microsoft-standard-WSL2
2022/08/20 14:30:37 [notice] 1#1: getrlimit(RLIMIT_NOFILE): 1048576:1048576
2022/08/20 14:30:37 [notice] 1#1: start worker processes
2022/08/20 14:30:37 [notice] 1#1: start worker process 42
2022/08/20 14:30:37 [notice] 1#1: start worker process 43
2022/08/20 14:30:37 [notice] 1#1: start worker process 44
2022/08/20 14:30:37 [notice] 1#1: start worker process 45
2022/08/20 14:30:46 [notice] 1#1: signal 3 (SIGQUIT) received, shutting down
2022/08/20 14:30:46 [notice] 42#42: gracefully shutting down
2022/08/20 14:30:46 [notice] 42#42: exiting
2022/08/20 14:30:46 [notice] 42#42: exit
2022/08/20 14:30:46 [notice] 43#43: gracefully shutting down
2022/08/20 14:30:46 [notice] 43#43: exiting
2022/08/20 14:30:46 [notice] 43#43: exit
2022/08/20 14:30:46 [notice] 44#44: gracefully shutting down
2022/08/20 14:30:46 [notice] 44#44: exiting
2022/08/20 14:30:46 [notice] 44#44: exit
2022/08/20 14:30:46 [notice] 45#45: gracefully shutting down
2022/08/20 14:30:46 [notice] 45#45: exiting
2022/08/20 14:30:46 [notice] 45#45: exit
2022/08/20 14:30:46 [notice] 1#1: signal 17 (SIGCHLD) received from 42
2022/08/20 14:30:46 [notice] 1#1: worker process 42 exited with code 0
2022/08/20 14:30:46 [notice] 1#1: signal 29 (SIGIO) received
2022/08/20 14:30:46 [notice] 1#1: signal 17 (SIGCHLD) received from 44
2022/08/20 14:30:46 [notice] 1#1: worker process 44 exited with code 0
2022/08/20 14:30:46 [notice] 1#1: worker process 43 exited with code 0
2022/08/20 14:30:46 [notice] 1#1: signal 29 (SIGIO) received
2022/08/20 14:30:46 [notice] 1#1: signal 17 (SIGCHLD) received from 43
2022/08/20 14:30:46 [notice] 1#1: signal 17 (SIGCHLD) received from 45
2022/08/20 14:30:46 [notice] 1#1: worker process 45 exited with code 0
2022/08/20 14:30:46 [notice] 1#1: exit
2022/08/20 14:38:55 [emerg] 1#1: host not found in upstream "wordpress:9000" in /etc/nginx/conf.d/wordpress.conf:2
2022/08/20 14:42:15 [emerg] 1#1: host not found in upstream "wordpress:9000" in /etc/nginx/conf.d/wordpress.conf:2
2022/08/20 14:44:32 [emerg] 1#1: host not found in upstream "wordpress:9000" in /etc/nginx/conf.d/wordpress.conf:2
2022/08/20 14:46:06 [emerg] 1#1: host not found in upstream "wordpress:9000" in /etc/nginx/conf.d/wordpress.conf:2
2022/08/20 14:47:19 [emerg] 1#1: host not found in upstream "wordpress:9000" in /etc/nginx/conf.d/wordpress.conf:2
2022/08/20 14:47:49 [emerg] 1#1: host not found in upstream "wordpress:9000" in /etc/nginx/conf.d/wordpress.conf:2
2022/08/20 14:49:21 [notice] 1#1: using the "epoll" event method
2022/08/20 14:49:21 [notice] 1#1: nginx/1.23.1
2022/08/20 14:49:21 [notice] 1#1: built by gcc 11.2.1 20220219 (Alpine 11.2.1_git20220219) 
2022/08/20 14:49:21 [notice] 1#1: OS: Linux 5.10.16.3-microsoft-standard-WSL2
2022/08/20 14:49:21 [notice] 1#1: getrlimit(RLIMIT_NOFILE): 1048576:1048576
2022/08/20 14:49:21 [notice] 1#1: start worker processes
2022/08/20 14:49:21 [notice] 1#1: start worker process 43
2022/08/20 14:49:21 [notice] 1#1: start worker process 44
2022/08/20 14:49:21 [notice] 1#1: start worker process 45
2022/08/20 14:49:21 [notice] 1#1: start worker process 46
2022/08/20 14:49:25 [notice] 1#1: signal 3 (SIGQUIT) received, shutting down
2022/08/20 14:49:25 [notice] 43#43: gracefully shutting down
2022/08/20 14:49:25 [notice] 43#43: exiting
2022/08/20 14:49:25 [notice] 43#43: exit
2022/08/20 14:49:25 [notice] 44#44: gracefully shutting down
2022/08/20 14:49:25 [notice] 44#44: exiting
2022/08/20 14:49:25 [notice] 44#44: exit
2022/08/20 14:49:25 [notice] 45#45: gracefully shutting down
2022/08/20 14:49:25 [notice] 45#45: exiting
2022/08/20 14:49:25 [notice] 45#45: exit
2022/08/20 14:49:25 [notice] 46#46: gracefully shutting down
2022/08/20 14:49:25 [notice] 46#46: exiting
2022/08/20 14:49:25 [notice] 46#46: exit
2022/08/20 14:49:25 [notice] 1#1: signal 17 (SIGCHLD) received from 45
2022/08/20 14:49:25 [notice] 1#1: worker process 43 exited with code 0
2022/08/20 14:49:25 [notice] 1#1: worker process 44 exited with code 0
2022/08/20 14:49:25 [notice] 1#1: worker process 45 exited with code 0
2022/08/20 14:49:25 [notice] 1#1: worker process 46 exited with code 0
2022/08/20 14:49:25 [notice] 1#1: exit
2022/08/20 14:50:37 [notice] 1#1: using the "epoll" event method
2022/08/20 14:50:37 [notice] 1#1: nginx/1.23.1
2022/08/20 14:50:37 [notice] 1#1: built by gcc 11.2.1 20220219 (Alpine 11.2.1_git20220219) 
2022/08/20 14:50:37 [notice] 1#1: OS: Linux 5.10.16.3-microsoft-standard-WSL2
2022/08/20 14:50:37 [notice] 1#1: getrlimit(RLIMIT_NOFILE): 1048576:1048576
2022/08/20 14:50:37 [notice] 1#1: start worker processes
2022/08/20 14:50:37 [notice] 1#1: start worker process 30
2022/08/20 14:50:37 [notice] 1#1: start worker process 31
2022/08/20 14:50:37 [notice] 1#1: start worker process 32
2022/08/20 14:50:37 [notice] 1#1: start worker process 33
2022/08/20 14:50:51 [error] 33#33: *3 FastCGI sent in stderr: "PHP message: Xdebug: [Step Debug] Time-out connecting to debugging client, waited: 200 ms. Tried: 192.168.0.21:9003 (through xdebug.client_host/xdebug.client_port) :-(PHP message: Xdebug: [Step Debug] Time-out connecting to debugging client, waited: 200 ms. Tried: 192.168.0.21:9003 (through xdebug.client_host/xdebug.client_port) :-(PHP message: Xdebug: [Step Debug] Time-out connecting to debugging client, waited: 200 ms. Tried: 192.168.0.21:9003 (through xdebug.client_host/xdebug.client_port) :-(" while reading response header from upstream, client: 172.19.0.1, server: wordpress.localhost, request: "GET / HTTP/2.0", upstream: "fastcgi://172.19.0.2:9000", host: "wordpress.localhost"
2022/08/20 14:50:53 [error] 33#33: *3 FastCGI sent in stderr: "PHP message: Xdebug: [Step Debug] Time-out connecting to debugging client, waited: 200 ms. Tried: 192.168.0.21:9003 (through xdebug.client_host/xdebug.client_port) :-(" while reading response header from upstream, client: 172.19.0.1, server: wordpress.localhost, request: "GET /wp-admin/install.php HTTP/2.0", upstream: "fastcgi://172.19.0.2:9000", host: "wordpress.localhost"
2022/08/20 14:50:54 [error] 33#33: *3 FastCGI sent in stderr: "PHP message: Xdebug: [Step Debug] Time-out connecting to debugging client, waited: 200 ms. Tried: 192.168.0.21:9003 (through xdebug.client_host/xdebug.client_port) :-(PHP message: Xdebug: [Step Debug] Time-out connecting to debugging client, waited: 200 ms. Tried: 192.168.0.21:9003 (through xdebug.client_host/xdebug.client_port) :-(" while reading upstream, client: 172.19.0.1, server: wordpress.localhost, request: "GET /wp-admin/install.php HTTP/2.0", upstream: "fastcgi://172.19.0.2:9000", host: "wordpress.localhost"
2022/08/20 14:51:57 [error] 31#31: *6 FastCGI sent in stderr: "PHP message: Xdebug: [Step Debug] Time-out connecting to debugging client, waited: 200 ms. Tried: 192.168.0.21:9003 (through xdebug.client_host/xdebug.client_port) :-(" while reading response header from upstream, client: 172.19.0.1, server: wordpress.localhost, request: "POST /wp-admin/install.php?step=1 HTTP/2.0", upstream: "fastcgi://172.19.0.2:9000", host: "wordpress.localhost", referrer: "https://wordpress.localhost/wp-admin/install.php"
2022/08/20 14:51:57 [error] 31#31: *6 FastCGI sent in stderr: "PHP message: Xdebug: [Step Debug] Time-out connecting to debugging client, waited: 200 ms. Tried: 192.168.0.21:9003 (through xdebug.client_host/xdebug.client_port) :-(PHP message: Xdebug: [Step Debug] Time-out connecting to debugging client, waited: 200 ms. Tried: 192.168.0.21:9003 (through xdebug.client_host/xdebug.client_port) :-(" while reading upstream, client: 172.19.0.1, server: wordpress.localhost, request: "POST /wp-admin/install.php?step=1 HTTP/2.0", upstream: "fastcgi://172.19.0.2:9000", host: "wordpress.localhost", referrer: "https://wordpress.localhost/wp-admin/install.php"
2022/08/20 15:03:55 [notice] 1#1: signal 3 (SIGQUIT) received, shutting down
2022/08/20 15:03:55 [notice] 31#31: gracefully shutting down
2022/08/20 15:03:55 [notice] 31#31: exiting
2022/08/20 15:03:55 [notice] 30#30: gracefully shutting down
2022/08/20 15:03:55 [notice] 30#30: exiting
2022/08/20 15:03:55 [notice] 31#31: exit
2022/08/20 15:03:55 [notice] 30#30: exit
2022/08/20 15:03:55 [notice] 32#32: gracefully shutting down
2022/08/20 15:03:55 [notice] 32#32: exiting
2022/08/20 15:03:55 [notice] 32#32: exit
2022/08/20 15:03:55 [notice] 33#33: gracefully shutting down
2022/08/20 15:03:55 [notice] 33#33: exiting
2022/08/20 15:03:55 [notice] 33#33: exit
2022/08/20 15:03:55 [notice] 1#1: signal 17 (SIGCHLD) received from 30
2022/08/20 15:03:55 [notice] 1#1: worker process 30 exited with code 0
2022/08/20 15:03:55 [notice] 1#1: worker process 32 exited with code 0
2022/08/20 15:03:55 [notice] 1#1: signal 29 (SIGIO) received
2022/08/20 15:03:55 [notice] 1#1: signal 17 (SIGCHLD) received from 33
2022/08/20 15:03:55 [notice] 1#1: worker process 31 exited with code 0
2022/08/20 15:03:55 [notice] 1#1: worker process 33 exited with code 0
2022/08/20 15:03:55 [notice] 1#1: exit
